{"level":"info","message":"GET /api-docs"}
{"level":"info","message":"GET /api-docs/"}
{"level":"info","message":"GET /api-docs/swagger-ui.css"}
{"level":"info","message":"GET /api-docs/swagger-ui-bundle.js"}
{"level":"info","message":"GET /api-docs/swagger-ui-standalone-preset.js"}
{"level":"info","message":"GET /api-docs/swagger-ui-init.js"}
{"level":"info","message":"GET /api-docs/favicon-32x32.png"}
{"level":"info","message":"GET /api/students?page=1&limit=10"}
{"level":"info","message":"POST /api/students"}
{"level":"info","message":"POST /api/auth/login"}
{"level":"info","message":"GET /api-docs/"}
{"level":"info","message":"GET /api-docs/swagger-ui.css"}
{"level":"info","message":"GET /api-docs/swagger-ui-bundle.js"}
{"level":"info","message":"GET /api-docs/swagger-ui-init.js"}
{"level":"info","message":"GET /api-docs/swagger-ui-standalone-preset.js"}
{"level":"info","message":"GET /api-docs/favicon-32x32.png"}
{"level":"info","message":"POST /api/auth/login"}
{"level":"info","message":"POST /api/students"}
{"level":"info","message":"POST /api/students"}
{"level":"info","message":"POST /api/students"}
{"level":"info","message":"POST /api/students"}
{"level":"info","message":"POST /api/students"}
{"level":"info","message":"POST /api/students"}
{"level":"info","message":"POST /api/students"}
{"level":"info","message":"POST /api/students"}
{"level":"info","message":"POST /api/students"}
{"level":"info","message":"POST /api/students"}
{"level":"info","message":"POST /api/students"}
{"level":"info","message":"POST /api/students"}
{"level":"info","message":"POST /api/students"}
{"level":"info","message":"POST /api/students"}
{"level":"info","message":"POST /api/students"}
{"level":"info","message":"POST /api/students"}
{"level":"info","message":"POST /api/students"}
{"level":"info","message":"POST /api/students"}
{"level":"info","message":"GET /api/students?page=1&limit=10"}
{"level":"info","message":"POST /api/students"}
{"level":"info","message":"GET /api/students?page=1&limit=10"}
{"level":"info","message":"PUT /api/students/67615417b45e19c308da49c9"}
{"level":"info","message":"PUT /api/students?id=67615417b45e19c308da49c9"}
{"level":"info","message":"PUT /api/students/67615417b45e19c308da49c9"}
{"level":"info","message":"PUT /api/students/67615417b45e19c308da49c9"}
{"level":"info","message":"PUT /api/students/67615417b45e19c308da49c9"}
{"level":"info","message":"PUT /api/students/67615417b45e19c308da49c9"}
{"level":"info","message":"DELETE /api/students/67615417b45e19c308da49c9"}
{"level":"info","message":"GET /api/students?page=1&limit=10"}
